<?xml version="1.0" encoding="UTF-8"?>
<testsuites name="jest tests" tests="2" failures="0" errors="0" time="1.952">
  <testsuite name="sum" errors="0" failures="0" skipped="0" timestamp="2025-12-01T01:16:17" time="0.338" tests="1">
    <testcase classname="sum adds two numbers" name="sum adds two numbers" time="0.003">
    </testcase>
  </testsuite>
  <testsuite name="sum" errors="0" failures="0" skipped="0" timestamp="2025-12-01T01:16:17" time="1.345" tests="1">
    <testcase classname="sum adds two numbers" name="sum adds two numbers" time="0.003">
    </testcase>
  </testsuite>
</testsuites>